[17-Mar-2016 05:35:03 Europe/Berlin] PHP Fatal error:  Uncaught Error: Call to undefined function something() in /Users/Jose/Dropbox/www/framework/index.php:11
Stack trace:
#0 {main}
  thrown in /Users/Jose/Dropbox/www/framework/index.php on line 11
[17-Mar-2016 05:39:22 Europe/Berlin] PHP Fatal error:  Uncaught Error: Call to undefined function something() in /Users/Jose/Dropbox/www/framework/index.php:11
Stack trace:
#0 {main}
  thrown in /Users/Jose/Dropbox/www/framework/index.php on line 11
[17-Mar-2016 05:45:08 Europe/Berlin] PHP Fatal error:  Uncaught Error: Call to undefined function something() in /Users/Jose/Dropbox/www/framework/index.php:11
Stack trace:
#0 {main}
  thrown in /Users/Jose/Dropbox/www/framework/index.php on line 11
[17-Mar-2016 05:52:20 Europe/Berlin] PHP Fatal error:  Uncaught Error: Call to undefined function something() in /Users/Jose/Dropbox/www/framework/index.php:11
Stack trace:
#0 {main}
  thrown in /Users/Jose/Dropbox/www/framework/index.php on line 11
[17-Mar-2016 05:52:47 Europe/Berlin] PHP Fatal error:  Uncaught Error: Call to undefined function something() in /Users/Jose/Dropbox/www/framework/index.php:11
Stack trace:
#0 {main}
  thrown in /Users/Jose/Dropbox/www/framework/index.php on line 11
[17-Mar-2016 06:01:45 Europe/Berlin] PHP Fatal error:  Uncaught Error: Call to undefined function something() in /Users/Jose/Dropbox/www/framework/index.php:11
Stack trace:
#0 {main}
  thrown in /Users/Jose/Dropbox/www/framework/index.php on line 11
[17-Mar-2016 19:18:08 Europe/Berlin] PHP Warning:  require_once(/Users/Jose/Dropbox/www/framework//Users/Jose/Dropbox/www/framework/engine/template.php): failed to open stream: No such file or directory in /Users/Jose/Dropbox/www/framework/index.php on line 26
[17-Mar-2016 19:18:08 Europe/Berlin] PHP Fatal error:  require_once(): Failed opening required '/Users/Jose/Dropbox/www/framework//Users/Jose/Dropbox/www/framework/engine/template.php' (include_path='.:/Applications/MAMP/bin/php/php7.0.0/lib/php') in /Users/Jose/Dropbox/www/framework/index.php on line 26
[17-Mar-2016 19:19:20 Europe/Berlin] PHP Warning:  require_once(/Users/Jose/Dropbox/www/framework//Users/Jose/Dropbox/www/framework/engine/template.php): failed to open stream: No such file or directory in /Users/Jose/Dropbox/www/framework/index.php on line 26
[17-Mar-2016 19:19:20 Europe/Berlin] PHP Fatal error:  require_once(): Failed opening required '/Users/Jose/Dropbox/www/framework//Users/Jose/Dropbox/www/framework/engine/template.php' (include_path='.:/Applications/MAMP/bin/php/php7.0.0/lib/php') in /Users/Jose/Dropbox/www/framework/index.php on line 26
[17-Mar-2016 19:26:55 Europe/Berlin] PHP Notice:  Use of undefined constant dir - assumed 'dir' in /Users/Jose/Dropbox/www/framework/engine/framework.php on line 58
[17-Mar-2016 19:26:55 Europe/Berlin] PHP Warning:  require_once(dir): failed to open stream: No such file or directory in /Users/Jose/Dropbox/www/framework/engine/framework.php on line 58
[17-Mar-2016 19:26:55 Europe/Berlin] PHP Fatal error:  require_once(): Failed opening required 'dir' (include_path='.:/Applications/MAMP/bin/php/php7.0.0/lib/php') in /Users/Jose/Dropbox/www/framework/engine/framework.php on line 58
[17-Mar-2016 19:45:25 Europe/Berlin] PHP Notice:  Undefined variable: p in /Users/Jose/Dropbox/www/framework/index.php on line 38
[17-Mar-2016 19:50:14 Europe/Berlin] PHP Fatal error:  Uncaught Error: Call to a member function loadStylesheet() on null in /Users/Jose/Dropbox/www/framework/index.php:29
Stack trace:
#0 {main}
  thrown in /Users/Jose/Dropbox/www/framework/index.php on line 29
[17-Mar-2016 20:52:34 Europe/Berlin] PHP Fatal error:  Uncaught Error: Using $this when not in object context in /Users/Jose/Dropbox/www/framework/engine/template.php:48
Stack trace:
#0 /Users/Jose/Dropbox/www/framework/index.php(22): template_stylesheet::newStylesheet()
#1 {main}
  thrown in /Users/Jose/Dropbox/www/framework/engine/template.php on line 48
[17-Mar-2016 22:41:04 Europe/Berlin] PHP Notice:  Undefined property: template_stylesheet::$getHTML in /Users/Jose/Dropbox/www/framework/index.php on line 20
[17-Mar-2016 22:41:04 Europe/Berlin] PHP Notice:  Undefined property: template_javascript::$getHTML in /Users/Jose/Dropbox/www/framework/index.php on line 21
[19-Mar-2016 04:19:53 Europe/Berlin] PHP Warning:  Invalid argument supplied for foreach() in /Users/Jose/Dropbox/www/framework/engine/template.php on line 48
[19-Mar-2016 04:49:28 Europe/Berlin] PHP Fatal error:  Uncaught Error: Class 'template' not found in /Users/Jose/Dropbox/www/framework/engine/framework.php:30
Stack trace:
#0 /Users/Jose/Dropbox/www/framework/index.php(4): framework->__construct()
#1 {main}
  thrown in /Users/Jose/Dropbox/www/framework/engine/framework.php on line 30
[19-Mar-2016 04:49:36 Europe/Berlin] PHP Fatal error:  Uncaught Error: Class 'template' not found in /Users/Jose/Dropbox/www/framework/engine/framework.php:30
Stack trace:
#0 /Users/Jose/Dropbox/www/framework/index.php(4): framework->__construct()
#1 {main}
  thrown in /Users/Jose/Dropbox/www/framework/engine/framework.php on line 30
[19-Mar-2016 06:20:18 Europe/Berlin] PHP Fatal error:  Uncaught Error: Call to undefined method template::setTitle() in /Users/Jose/Dropbox/www/framework/mvc/view/home/index.php:7
Stack trace:
#0 /Users/Jose/Dropbox/www/framework/index.php(20): app_event_default(Object(framework), Array)
#1 {main}
  thrown in /Users/Jose/Dropbox/www/framework/mvc/view/home/index.php on line 7
[19-Mar-2016 06:20:30 Europe/Berlin] PHP Fatal error:  Uncaught Error: Call to undefined method framework::setTitle() in /Users/Jose/Dropbox/www/framework/mvc/view/home/index.php:7
Stack trace:
#0 /Users/Jose/Dropbox/www/framework/index.php(20): app_event_default(Object(framework), Array)
#1 {main}
  thrown in /Users/Jose/Dropbox/www/framework/mvc/view/home/index.php on line 7
[19-Mar-2016 06:29:48 Europe/Berlin] PHP Notice:  Undefined index: r in /Users/Jose/Dropbox/www/framework/index.php on line 12
[19-Mar-2016 06:29:48 Europe/Berlin] PHP Warning:  require_once(/Users/Jose/Dropbox/www/framework/mvc/view): failed to open stream: No such file or directory in /Users/Jose/Dropbox/www/framework/index.php on line 15
[19-Mar-2016 06:29:48 Europe/Berlin] PHP Fatal error:  require_once(): Failed opening required './mvc/view/' (include_path='.:/Applications/MAMP/bin/php/php7.0.0/lib/php') in /Users/Jose/Dropbox/www/framework/index.php on line 15
[19-Mar-2016 06:29:53 Europe/Berlin] PHP Notice:  Undefined index: r in /Users/Jose/Dropbox/www/framework/index.php on line 12
[19-Mar-2016 06:29:53 Europe/Berlin] PHP Warning:  require_once(/Users/Jose/Dropbox/www/framework/mvc/view): failed to open stream: No such file or directory in /Users/Jose/Dropbox/www/framework/index.php on line 15
[19-Mar-2016 06:29:53 Europe/Berlin] PHP Fatal error:  require_once(): Failed opening required './mvc/view/' (include_path='.:/Applications/MAMP/bin/php/php7.0.0/lib/php') in /Users/Jose/Dropbox/www/framework/index.php on line 15
[19-Mar-2016 06:29:58 Europe/Berlin] PHP Notice:  Undefined index: r in /Users/Jose/Dropbox/www/framework/index.php on line 12
[19-Mar-2016 06:29:58 Europe/Berlin] PHP Warning:  require_once(/Users/Jose/Dropbox/www/framework/mvc/view): failed to open stream: No such file or directory in /Users/Jose/Dropbox/www/framework/index.php on line 15
[19-Mar-2016 06:29:58 Europe/Berlin] PHP Fatal error:  require_once(): Failed opening required './mvc/view/' (include_path='.:/Applications/MAMP/bin/php/php7.0.0/lib/php') in /Users/Jose/Dropbox/www/framework/index.php on line 15
[19-Mar-2016 06:30:41 Europe/Berlin] PHP Notice:  Undefined index: r in /Users/Jose/Dropbox/www/framework/index.php on line 12
[19-Mar-2016 06:30:41 Europe/Berlin] PHP Warning:  require_once(/Users/Jose/Dropbox/www/framework/mvc/view): failed to open stream: No such file or directory in /Users/Jose/Dropbox/www/framework/index.php on line 15
[19-Mar-2016 06:30:41 Europe/Berlin] PHP Fatal error:  require_once(): Failed opening required './mvc/view/' (include_path='.:/Applications/MAMP/bin/php/php7.0.0/lib/php') in /Users/Jose/Dropbox/www/framework/index.php on line 15
[19-Mar-2016 06:30:41 Europe/Berlin] PHP Notice:  Undefined index: r in /Users/Jose/Dropbox/www/framework/index.php on line 12
[19-Mar-2016 06:30:41 Europe/Berlin] PHP Warning:  require_once(/Users/Jose/Dropbox/www/framework/mvc/view): failed to open stream: No such file or directory in /Users/Jose/Dropbox/www/framework/index.php on line 15
[19-Mar-2016 06:30:41 Europe/Berlin] PHP Fatal error:  require_once(): Failed opening required './mvc/view/' (include_path='.:/Applications/MAMP/bin/php/php7.0.0/lib/php') in /Users/Jose/Dropbox/www/framework/index.php on line 15
[20-Mar-2016 17:16:36 Europe/Berlin] PHP Notice:  Undefined index: timestamp in /Users/Jose/Dropbox/www/framework/index.php on line 12
[20-Mar-2016 17:49:02 Europe/Berlin] PHP Notice:  Undefined index: timestamp in /Users/Jose/Dropbox/www/framework/index.php on line 14
[20-Mar-2016 17:49:03 Europe/Berlin] PHP Notice:  Undefined index: timestamp in /Users/Jose/Dropbox/www/framework/index.php on line 14
[20-Mar-2016 17:53:21 Europe/Berlin] PHP Notice:  Undefined index: timestamp in /Users/Jose/Dropbox/www/framework/index.php on line 14
[20-Mar-2016 17:53:25 Europe/Berlin] PHP Notice:  Undefined index: timestamp in /Users/Jose/Dropbox/www/framework/index.php on line 14
[20-Mar-2016 17:53:43 Europe/Berlin] PHP Notice:  Undefined index: timestamp in /Users/Jose/Dropbox/www/framework/index.php on line 14
[20-Mar-2016 17:53:46 Europe/Berlin] PHP Notice:  Undefined index: timestamp in /Users/Jose/Dropbox/www/framework/index.php on line 14
[20-Mar-2016 19:48:52 Europe/Berlin] PHP Notice:  Undefined index: timestamp in /Users/Jose/Dropbox/www/framework/index.php on line 14
[20-Mar-2016 19:48:54 Europe/Berlin] PHP Notice:  Undefined index: timestamp in /Users/Jose/Dropbox/www/framework/index.php on line 14
[20-Mar-2016 19:48:54 Europe/Berlin] PHP Notice:  Undefined variable: template in /Users/Jose/Dropbox/www/framework/engine/template.php on line 51
[20-Mar-2016 19:48:54 Europe/Berlin] PHP Fatal error:  Uncaught Error: Call to a member function addVariable() on unknown in /Users/Jose/Dropbox/www/framework/engine/template.php:51
Stack trace:
#0 /Users/Jose/Dropbox/www/framework/mvc/view/home/index.php(26): template->write('<div class="col...')
#1 /Users/Jose/Dropbox/www/framework/index.php(37): app_event_default(Object(template), Array)
#2 {main}
  thrown in /Users/Jose/Dropbox/www/framework/engine/template.php on line 51
[20-Mar-2016 19:49:17 Europe/Berlin] PHP Notice:  Undefined variable: template in /Users/Jose/Dropbox/www/framework/engine/template.php on line 51
[20-Mar-2016 19:49:17 Europe/Berlin] PHP Fatal error:  Uncaught Error: Call to a member function addVariable() on unknown in /Users/Jose/Dropbox/www/framework/engine/template.php:51
Stack trace:
#0 /Users/Jose/Dropbox/www/framework/mvc/view/home/index.php(26): template->write('<div class="col...')
#1 /Users/Jose/Dropbox/www/framework/index.php(39): app_event_default(Object(template), Array)
#2 {main}
  thrown in /Users/Jose/Dropbox/www/framework/engine/template.php on line 51
[20-Mar-2016 23:37:51 Europe/Berlin] PHP Fatal error:  Uncaught Error: Call to undefined method framework::proccessAppEvent() in /Users/Jose/Dropbox/www/framework/index.php:26
Stack trace:
#0 {main}
  thrown in /Users/Jose/Dropbox/www/framework/index.php on line 26
[21-Mar-2016 01:40:05 Europe/Berlin] PHP Notice:  Undefined index: a in /Users/Jose/Dropbox/www/framework/engine/framework/framework_template.php on line 78
[21-Mar-2016 01:40:05 Europe/Berlin] PHP Notice:  Undefined index: r in /Users/Jose/Dropbox/www/framework/engine/framework/framework_template.php on line 79
[21-Mar-2016 01:40:51 Europe/Berlin] PHP Notice:  Undefined index: a in /Users/Jose/Dropbox/www/framework/engine/framework/framework_template.php on line 78
[21-Mar-2016 01:40:51 Europe/Berlin] PHP Notice:  Undefined index: r in /Users/Jose/Dropbox/www/framework/engine/framework/framework_template.php on line 79
[21-Mar-2016 01:41:55 Europe/Berlin] PHP Notice:  Undefined index: a in /Users/Jose/Dropbox/www/framework/engine/framework/framework_template.php on line 79
[21-Mar-2016 01:41:55 Europe/Berlin] PHP Notice:  Undefined index: r in /Users/Jose/Dropbox/www/framework/engine/framework/framework_template.php on line 80
[21-Mar-2016 01:41:56 Europe/Berlin] PHP Notice:  Undefined index: a in /Users/Jose/Dropbox/www/framework/engine/framework/framework_template.php on line 79
[21-Mar-2016 01:41:56 Europe/Berlin] PHP Notice:  Undefined index: r in /Users/Jose/Dropbox/www/framework/engine/framework/framework_template.php on line 80
[21-Mar-2016 01:42:00 Europe/Berlin] PHP Notice:  Undefined index: a in /Users/Jose/Dropbox/www/framework/engine/framework/framework_template.php on line 79
[21-Mar-2016 01:42:00 Europe/Berlin] PHP Notice:  Undefined index: r in /Users/Jose/Dropbox/www/framework/engine/framework/framework_template.php on line 80
[21-Mar-2016 01:44:42 Europe/Berlin] PHP Notice:  Undefined index: a in /Users/Jose/Dropbox/www/framework/engine/framework/framework_template.php on line 80
[21-Mar-2016 01:44:42 Europe/Berlin] PHP Notice:  Undefined index: r in /Users/Jose/Dropbox/www/framework/engine/framework/framework_template.php on line 81
[22-Mar-2016 21:40:15 Europe/Berlin] PHP Notice:  Undefined variable: template in /Users/Jose/Dropbox/www/framework/mvc/view/auth_user.php on line 3
[22-Mar-2016 21:40:15 Europe/Berlin] PHP Fatal error:  Uncaught Error: Call to a member function setTitle() on unknown in /Users/Jose/Dropbox/www/framework/mvc/view/auth_user.php:3
Stack trace:
#0 /Users/Jose/Dropbox/www/framework/engine/framework/framework_template.php(96): app_start(Object(template), Array)
#1 /Users/Jose/Dropbox/www/framework/engine/framework/framework_template.php(138): template->proccessAppStart(Object(template), Array)
#2 /Users/Jose/Dropbox/www/framework/index.php(26): template->proccessAppEvent(Array)
#3 {main}
  thrown in /Users/Jose/Dropbox/www/framework/mvc/view/auth_user.php on line 3
[22-Mar-2016 21:40:16 Europe/Berlin] PHP Notice:  Undefined variable: template in /Users/Jose/Dropbox/www/framework/mvc/view/auth_user.php on line 3
[22-Mar-2016 21:40:16 Europe/Berlin] PHP Fatal error:  Uncaught Error: Call to a member function setTitle() on unknown in /Users/Jose/Dropbox/www/framework/mvc/view/auth_user.php:3
Stack trace:
#0 /Users/Jose/Dropbox/www/framework/engine/framework/framework_template.php(96): app_start(Object(template), Array)
#1 /Users/Jose/Dropbox/www/framework/engine/framework/framework_template.php(138): template->proccessAppStart(Object(template), Array)
#2 /Users/Jose/Dropbox/www/framework/index.php(26): template->proccessAppEvent(Array)
#3 {main}
  thrown in /Users/Jose/Dropbox/www/framework/mvc/view/auth_user.php on line 3
[22-Mar-2016 21:40:38 Europe/Berlin] PHP Warning:  Creating default object from empty value in /Users/Jose/Dropbox/www/framework/engine/framework/framework_template.php on line 32
[22-Mar-2016 21:41:04 Europe/Berlin] PHP Warning:  Creating default object from empty value in /Users/Jose/Dropbox/www/framework/engine/framework/framework_template.php on line 32
[22-Mar-2016 21:48:27 Europe/Berlin] PHP Notice:  Undefined property: body_part::$loadBody in /Users/Jose/Dropbox/www/framework/engine/framework/framework_template.php on line 181
[22-Mar-2016 21:48:53 Europe/Berlin] PHP Notice:  Undefined property: body_part::$template_source in /Users/Jose/Dropbox/www/framework/engine/framework/framework_template.php on line 191
[22-Mar-2016 21:48:53 Europe/Berlin] PHP Warning:  include_once(/Users/Jose/Dropbox/www/framework): failed to open stream: No such file or directory in /Users/Jose/Dropbox/www/framework/engine/framework/framework_template.php on line 191
[22-Mar-2016 21:48:53 Europe/Berlin] PHP Warning:  include_once(): Failed opening '' for inclusion (include_path='.:/Applications/MAMP/bin/php/php7.0.0/lib/php') in /Users/Jose/Dropbox/www/framework/engine/framework/framework_template.php on line 191
[22-Mar-2016 21:48:58 Europe/Berlin] PHP Notice:  Undefined property: body_part::$template_source in /Users/Jose/Dropbox/www/framework/engine/framework/framework_template.php on line 191
[22-Mar-2016 21:48:58 Europe/Berlin] PHP Warning:  include_once(/Users/Jose/Dropbox/www/framework): failed to open stream: No such file or directory in /Users/Jose/Dropbox/www/framework/engine/framework/framework_template.php on line 191
[22-Mar-2016 21:48:58 Europe/Berlin] PHP Warning:  include_once(): Failed opening '' for inclusion (include_path='.:/Applications/MAMP/bin/php/php7.0.0/lib/php') in /Users/Jose/Dropbox/www/framework/engine/framework/framework_template.php on line 191
[22-Mar-2016 21:54:46 Europe/Berlin] PHP Parse error:  syntax error, unexpected '''' (T_CONSTANT_ENCAPSED_STRING), expecting ',' or ')' in /Users/Jose/Dropbox/www/framework/mvc/view/auth_user.php on line 9
[22-Mar-2016 23:26:30 Europe/Berlin] PHP Warning:  Cannot modify header information - headers already sent by (output started at /Users/Jose/Dropbox/www/framework/engine/framework/framework.php:28) in /Users/Jose/Dropbox/www/framework/engine/framework/framework_template.php on line 75
[22-Mar-2016 23:26:40 Europe/Berlin] PHP Warning:  Cannot modify header information - headers already sent by (output started at /Users/Jose/Dropbox/www/framework/engine/framework/framework.php:28) in /Users/Jose/Dropbox/www/framework/engine/framework/framework_template.php on line 75
[22-Mar-2016 23:31:17 Europe/Berlin] PHP Warning:  Cannot modify header information - headers already sent by (output started at /Users/Jose/Dropbox/www/framework/engine/framework/framework.php:29) in /Users/Jose/Dropbox/www/framework/engine/framework/framework_template.php on line 75
[22-Mar-2016 23:36:53 Europe/Berlin] PHP Warning:  Cannot modify header information - headers already sent by (output started at /Users/Jose/Dropbox/www/framework/engine/framework/framework.php:31) in /Users/Jose/Dropbox/www/framework/engine/framework/framework_template.php on line 75
[23-Mar-2016 03:48:42 Europe/Berlin] PHP Warning:  session_destroy(): Trying to destroy uninitialized session in /Users/Jose/Dropbox/www/framework/engine/framework/framework_template.php on line 87
[23-Mar-2016 03:48:42 Europe/Berlin] PHP Warning:  Cannot modify header information - headers already sent by (output started at /Users/Jose/Dropbox/www/framework/engine/framework/framework_template.php:87) in /Users/Jose/Dropbox/www/framework/engine/framework/framework_template.php on line 90
[23-Mar-2016 03:58:44 Europe/Berlin] PHP Notice:  Undefined variable: _SESSION in /Users/Jose/Dropbox/www/framework/mvc/view/auth_user.php on line 26
[23-Mar-2016 04:00:57 Europe/Berlin] PHP Fatal error:  Uncaught Error: Unsupported operand types in /Users/Jose/Dropbox/www/framework/engine/framework/framework_template.php:81
Stack trace:
#0 /Users/Jose/Dropbox/www/framework/engine/framework/framework_template.php(106): template->authValidation(true)
#1 /Users/Jose/Dropbox/www/framework/engine/framework/framework_template.php(155): template->proccessInitializeApplication()
#2 /Users/Jose/Dropbox/www/framework/index.php(12): template->proccessAppEvent(Array)
#3 {main}
  thrown in /Users/Jose/Dropbox/www/framework/engine/framework/framework_template.php on line 81
[23-Mar-2016 04:15:02 Europe/Berlin] PHP Warning:  Cannot modify header information - headers already sent by (output started at /Users/Jose/Dropbox/www/framework/engine/framework/framework.php:28) in /Users/Jose/Dropbox/www/framework/mvc/view/auth_user.php on line 56
[24-Mar-2016 23:08:13 Europe/Berlin] PHP Notice:  Undefined index: href in /Users/Jose/Dropbox/www/framework/engine/framework/framework_template.php on line 186
[24-Mar-2016 23:50:48 Europe/Berlin] PHP Notice:  Undefined index: r in /Users/Jose/Dropbox/www/framework/engine/framework/framework_template.php on line 132
[24-Mar-2016 23:50:48 Europe/Berlin] PHP Notice:  Undefined index: r in /Users/Jose/Dropbox/www/framework/engine/framework/framework_template.php on line 141
[24-Mar-2016 23:51:08 Europe/Berlin] PHP Notice:  Undefined index: r in /Users/Jose/Dropbox/www/framework/engine/framework/framework_template.php on line 132
[24-Mar-2016 23:51:08 Europe/Berlin] PHP Notice:  Undefined index: r in /Users/Jose/Dropbox/www/framework/engine/framework/framework_template.php on line 141
[25-Mar-2016 00:12:19 Europe/Berlin] PHP Notice:  Undefined index: r in /Users/Jose/Dropbox/www/framework/engine/framework/framework_template.php on line 136
[25-Mar-2016 00:12:19 Europe/Berlin] PHP Notice:  Undefined index: r in /Users/Jose/Dropbox/www/framework/engine/framework/framework_template.php on line 145
[25-Mar-2016 02:22:50 Europe/Berlin] PHP Fatal error:  Uncaught Error: Call to private method template_menu::buildLeftSidebarMenu() from context 'template' in /Users/Jose/Dropbox/www/framework/engine/framework/framework_template.php:327
Stack trace:
#0 /Users/Jose/Dropbox/www/framework/index.php(15): template->render()
#1 {main}
  thrown in /Users/Jose/Dropbox/www/framework/engine/framework/framework_template.php on line 327
[25-Mar-2016 02:22:50 Europe/Berlin] PHP Fatal error:  Uncaught Error: Call to private method template_menu::buildLeftSidebarMenu() from context 'template' in /Users/Jose/Dropbox/www/framework/engine/framework/framework_template.php:327
Stack trace:
#0 /Users/Jose/Dropbox/www/framework/index.php(15): template->render()
#1 {main}
  thrown in /Users/Jose/Dropbox/www/framework/engine/framework/framework_template.php on line 327
[25-Mar-2016 05:29:25 Europe/Berlin] PHP Fatal error:  Multiple access type modifiers are not allowed in /Users/Jose/Dropbox/www/framework/engine/ui_components/ui_container.php on line 9
[25-Mar-2016 05:29:32 Europe/Berlin] PHP Fatal error:  Multiple access type modifiers are not allowed in /Users/Jose/Dropbox/www/framework/engine/ui_components/ui_container.php on line 9
[25-Mar-2016 05:30:05 Europe/Berlin] PHP Fatal error:  Multiple access type modifiers are not allowed in /Users/Jose/Dropbox/www/framework/engine/ui_components/ui_container.php on line 9
[25-Mar-2016 05:33:31 Europe/Berlin] PHP Fatal error:  Multiple access type modifiers are not allowed in /Users/Jose/Dropbox/www/framework/engine/ui_components/ui_container.php on line 9
[25-Mar-2016 16:49:14 Europe/Berlin] PHP Notice:  Undefined variable: js_script in /Users/Jose/Dropbox/www/framework/mvc/view/client/index.php on line 9
[25-Mar-2016 16:49:14 Europe/Berlin] PHP Fatal error:  Uncaught Error: Cannot access empty property in /Users/Jose/Dropbox/www/framework/mvc/view/client/index.php:9
Stack trace:
#0 /Users/Jose/Dropbox/www/framework/engine/framework/framework_template.php(305): app_event_client_show(Object(template), Array)
#1 /Users/Jose/Dropbox/www/framework/index.php(14): template->proccessAppEvent(Array)
#2 {main}
  thrown in /Users/Jose/Dropbox/www/framework/mvc/view/client/index.php on line 9
[25-Mar-2016 16:49:19 Europe/Berlin] PHP Notice:  Undefined variable: js_script in /Users/Jose/Dropbox/www/framework/mvc/view/client/index.php on line 9
[25-Mar-2016 16:49:19 Europe/Berlin] PHP Fatal error:  Uncaught Error: Cannot access empty property in /Users/Jose/Dropbox/www/framework/mvc/view/client/index.php:9
Stack trace:
#0 /Users/Jose/Dropbox/www/framework/engine/framework/framework_template.php(305): app_event_client_show(Object(template), Array)
#1 /Users/Jose/Dropbox/www/framework/index.php(14): template->proccessAppEvent(Array)
#2 {main}
  thrown in /Users/Jose/Dropbox/www/framework/mvc/view/client/index.php on line 9
[25-Mar-2016 16:49:50 Europe/Berlin] PHP Notice:  Undefined variable: js_script in /Users/Jose/Dropbox/www/framework/mvc/view/client/index.php on line 9
[25-Mar-2016 16:49:50 Europe/Berlin] PHP Fatal error:  Uncaught Error: Cannot access empty property in /Users/Jose/Dropbox/www/framework/mvc/view/client/index.php:9
Stack trace:
#0 /Users/Jose/Dropbox/www/framework/engine/framework/framework_template.php(305): app_event_client_show(Object(template), Array)
#1 /Users/Jose/Dropbox/www/framework/index.php(14): template->proccessAppEvent(Array)
#2 {main}
  thrown in /Users/Jose/Dropbox/www/framework/mvc/view/client/index.php on line 9
[25-Mar-2016 16:49:52 Europe/Berlin] PHP Notice:  Undefined variable: js_script in /Users/Jose/Dropbox/www/framework/mvc/view/client/index.php on line 9
[25-Mar-2016 16:49:52 Europe/Berlin] PHP Fatal error:  Uncaught Error: Cannot access empty property in /Users/Jose/Dropbox/www/framework/mvc/view/client/index.php:9
Stack trace:
#0 /Users/Jose/Dropbox/www/framework/engine/framework/framework_template.php(305): app_event_client_show(Object(template), Array)
#1 /Users/Jose/Dropbox/www/framework/index.php(14): template->proccessAppEvent(Array)
#2 {main}
  thrown in /Users/Jose/Dropbox/www/framework/mvc/view/client/index.php on line 9
[25-Mar-2016 21:57:48 Europe/Berlin] PHP Parse error:  syntax error, unexpected '$' in /Users/Jose/Dropbox/www/framework/mvc/view/client/index.php on line 55
[25-Mar-2016 22:09:55 Europe/Berlin] PHP Fatal error:  Uncaught Error: Call to undefined method ui_container::appendCode() in /Users/Jose/Dropbox/www/framework/mvc/view/client/index.php:54
Stack trace:
#0 /Users/Jose/Dropbox/www/framework/engine/framework/framework_template.php(305): app_event_client_show(Object(template), Array)
#1 /Users/Jose/Dropbox/www/framework/index.php(14): template->proccessAppEvent(Array)
#2 {main}
  thrown in /Users/Jose/Dropbox/www/framework/mvc/view/client/index.php on line 54
[25-Mar-2016 22:10:15 Europe/Berlin] PHP Fatal error:  Uncaught Error: Call to undefined method ui_container::js_scriptappendCode() in /Users/Jose/Dropbox/www/framework/mvc/view/client/index.php:54
Stack trace:
#0 /Users/Jose/Dropbox/www/framework/engine/framework/framework_template.php(305): app_event_client_show(Object(template), Array)
#1 /Users/Jose/Dropbox/www/framework/index.php(14): template->proccessAppEvent(Array)
#2 {main}
  thrown in /Users/Jose/Dropbox/www/framework/mvc/view/client/index.php on line 54
[25-Mar-2016 22:10:23 Europe/Berlin] PHP Notice:  Undefined property: ui_container::$js_script in /Users/Jose/Dropbox/www/framework/mvc/view/client/index.php on line 54
[25-Mar-2016 22:10:23 Europe/Berlin] PHP Fatal error:  Uncaught Error: Call to a member function appendCode() on null in /Users/Jose/Dropbox/www/framework/mvc/view/client/index.php:54
Stack trace:
#0 /Users/Jose/Dropbox/www/framework/engine/framework/framework_template.php(305): app_event_client_show(Object(template), Array)
#1 /Users/Jose/Dropbox/www/framework/index.php(14): template->proccessAppEvent(Array)
#2 {main}
  thrown in /Users/Jose/Dropbox/www/framework/mvc/view/client/index.php on line 54
[25-Mar-2016 22:10:54 Europe/Berlin] PHP Notice:  Undefined property: ui_container::$js_script in /Users/Jose/Dropbox/www/framework/mvc/view/client/index.php on line 54
[25-Mar-2016 22:10:54 Europe/Berlin] PHP Fatal error:  Uncaught Error: Call to a member function addCode() on null in /Users/Jose/Dropbox/www/framework/mvc/view/client/index.php:54
Stack trace:
#0 /Users/Jose/Dropbox/www/framework/engine/framework/framework_template.php(305): app_event_client_show(Object(template), Array)
#1 /Users/Jose/Dropbox/www/framework/index.php(14): template->proccessAppEvent(Array)
#2 {main}
  thrown in /Users/Jose/Dropbox/www/framework/mvc/view/client/index.php on line 54
[25-Mar-2016 23:41:13 Europe/Berlin] PHP Notice:  Undefined variable: table in /Users/Jose/Dropbox/www/framework/engine/ui_components/ui_table.php on line 58
[25-Mar-2016 23:41:13 Europe/Berlin] PHP Notice:  Trying to get property of non-object in /Users/Jose/Dropbox/www/framework/engine/ui_components/ui_table.php on line 58
[26-Mar-2016 01:52:45 Europe/Berlin] PHP Parse error:  syntax error, unexpected 'id' (T_STRING), expecting ';' in /Users/Jose/Dropbox/www/framework/engine/ui_components/ui_table.php on line 98
[26-Mar-2016 02:57:56 Europe/Berlin] PHP Notice:  Undefined index: r in /Users/Jose/Dropbox/www/framework/engine/framework/framework_template.php on line 367
[26-Mar-2016 03:03:24 Europe/Berlin] PHP Notice:  Undefined index: r in /Users/Jose/Dropbox/www/framework/engine/framework/framework_template.php on line 367
[26-Mar-2016 03:03:28 Europe/Berlin] PHP Notice:  Undefined index: r in /Users/Jose/Dropbox/www/framework/engine/framework/framework_template.php on line 367
[26-Mar-2016 03:07:40 Europe/Berlin] PHP Notice:  Undefined index: r in /Users/Jose/Dropbox/www/framework/engine/framework/framework_template.php on line 372
[26-Mar-2016 04:49:49 Europe/Berlin] PHP Parse error:  syntax error, unexpected 'getActionLink' (T_STRING), expecting variable (T_VARIABLE) in /Users/Jose/Dropbox/www/framework/engine/ui_components/ui_table.php on line 81
[26-Mar-2016 04:49:55 Europe/Berlin] PHP Parse error:  syntax error, unexpected 'getActionLink' (T_STRING), expecting variable (T_VARIABLE) in /Users/Jose/Dropbox/www/framework/engine/ui_components/ui_table.php on line 81
[26-Mar-2016 04:50:09 Europe/Berlin] PHP Notice:  Use of undefined constant contine - assumed 'contine' in /Users/Jose/Dropbox/www/framework/engine/ui_components/ui_table.php on line 89
[26-Mar-2016 04:50:09 Europe/Berlin] PHP Notice:  Undefined index: uid in /Users/Jose/Dropbox/www/framework/engine/ui_components/ui_table.php on line 91
[26-Mar-2016 04:50:09 Europe/Berlin] PHP Notice:  Use of undefined constant contine - assumed 'contine' in /Users/Jose/Dropbox/www/framework/engine/ui_components/ui_table.php on line 89
[26-Mar-2016 04:50:09 Europe/Berlin] PHP Notice:  Undefined index: uid in /Users/Jose/Dropbox/www/framework/engine/ui_components/ui_table.php on line 91
[27-Mar-2016 05:10:21 Europe/Berlin] PHP Warning:  require_once(./mvc/model/model_client.php): failed to open stream: No such file or directory in /Users/Jose/Dropbox/www/framework/mvc/view/client/index.php on line 3
[27-Mar-2016 05:10:21 Europe/Berlin] PHP Fatal error:  require_once(): Failed opening required './mvc/model/model_client.php' (include_path='.:/Applications/MAMP/bin/php/php7.0.0/lib/php') in /Users/Jose/Dropbox/www/framework/mvc/view/client/index.php on line 3
[27-Mar-2016 06:12:20 Europe/Berlin] PHP Parse error:  syntax error, unexpected '}', expecting end of file in /Users/Jose/Dropbox/www/framework/mvc/model/client.php on line 51
[27-Mar-2016 06:15:45 Europe/Berlin] PHP Parse error:  syntax error, unexpected ')', expecting ']' in /Users/Jose/Dropbox/www/framework/mvc/view/client/index.php on line 28
[27-Mar-2016 06:30:05 Europe/Berlin] PHP Fatal error:  Cannot declare class ui_container, because the name is already in use in /Users/Jose/Dropbox/www/framework/engine/ui_components/ui_container.php on line 3
[27-Mar-2016 06:35:05 Europe/Berlin] PHP Parse error:  syntax error, unexpected 'dashboard' (T_STRING) in /Users/Jose/Dropbox/www/framework/mvc/view/client/index.php on line 86
[27-Mar-2016 06:35:06 Europe/Berlin] PHP Parse error:  syntax error, unexpected 'dashboard' (T_STRING) in /Users/Jose/Dropbox/www/framework/mvc/view/client/index.php on line 86
[27-Mar-2016 07:39:01 Europe/Berlin] PHP Notice:  Undefined variable: table in /Users/Jose/Dropbox/www/framework/mvc/view/client/index.php on line 53
[27-Mar-2016 07:39:01 Europe/Berlin] PHP Fatal error:  Uncaught Error: Call to a member function addRow() on unknown in /Users/Jose/Dropbox/www/framework/mvc/view/client/index.php:53
Stack trace:
#0 /Users/Jose/Dropbox/www/framework/engine/framework/framework_template.php(307): app_event_client_edit(Object(template), Array)
#1 /Users/Jose/Dropbox/www/framework/index.php(14): template->proccessAppEvent(Array)
#2 {main}
  thrown in /Users/Jose/Dropbox/www/framework/mvc/view/client/index.php on line 53
[27-Mar-2016 16:54:57 Europe/Berlin] PHP Warning:  Cannot modify header information - headers already sent by (output started at /Users/Jose/Dropbox/www/framework/mvc/model/client.php:30) in /Users/Jose/Dropbox/www/framework/engine/framework/framework_template.php on line 123
[27-Mar-2016 16:56:06 Europe/Berlin] PHP Warning:  Cannot modify header information - headers already sent by (output started at /Users/Jose/Dropbox/www/framework/mvc/model/client.php:30) in /Users/Jose/Dropbox/www/framework/engine/framework/framework_template.php on line 123
[27-Mar-2016 16:56:27 Europe/Berlin] PHP Warning:  Cannot modify header information - headers already sent by (output started at /Users/Jose/Dropbox/www/framework/mvc/model/client.php:30) in /Users/Jose/Dropbox/www/framework/engine/framework/framework_template.php on line 123
[27-Mar-2016 16:56:34 Europe/Berlin] PHP Warning:  Cannot modify header information - headers already sent by (output started at /Users/Jose/Dropbox/www/framework/mvc/model/client.php:30) in /Users/Jose/Dropbox/www/framework/engine/framework/framework_template.php on line 123
[27-Mar-2016 17:11:17 Europe/Berlin] PHP Parse error:  syntax error, unexpected ';', expecting ',' or ')' in /Users/Jose/Dropbox/www/framework/mvc/view/client/index.php on line 75
[27-Mar-2016 17:11:26 Europe/Berlin] PHP Parse error:  syntax error, unexpected '}', expecting ';' in /Users/Jose/Dropbox/www/framework/mvc/model/client.php on line 36
[27-Mar-2016 17:11:42 Europe/Berlin] PHP Fatal error:  Uncaught Error: Using $this when not in object context in /Users/Jose/Dropbox/www/framework/mvc/model/client.php:31
Stack trace:
#0 /Users/Jose/Dropbox/www/framework/mvc/controller/client.php(40): model_client::getArrayFields()
#1 /Users/Jose/Dropbox/www/framework/mvc/view/client/index.php(75): controller_client::newClient()
#2 /Users/Jose/Dropbox/www/framework/engine/framework/framework_template.php(307): app_event_client_edit(Object(template), Array)
#3 /Users/Jose/Dropbox/www/framework/index.php(14): template->proccessAppEvent(Array)
#4 {main}
  thrown in /Users/Jose/Dropbox/www/framework/mvc/model/client.php on line 31
[27-Mar-2016 17:13:24 Europe/Berlin] PHP Notice:  Use of undefined constant id - assumed 'id' in /Users/Jose/Dropbox/www/framework/mvc/controller/client.php on line 41
[27-Mar-2016 17:22:05 Europe/Berlin] PHP Notice:  Trying to get property of non-object in /Users/Jose/Dropbox/www/framework/mvc/controller/client.php on line 17
[27-Mar-2016 17:25:29 Europe/Berlin] PHP Notice:  Trying to get property of non-object in /Users/Jose/Dropbox/www/framework/mvc/controller/client.php on line 18
[27-Mar-2016 17:44:14 Europe/Berlin] PHP Parse error:  syntax error, unexpected '<' in /Users/Jose/Dropbox/www/framework/engine/ui_components/ui_basic.php on line 75
[27-Mar-2016 17:44:15 Europe/Berlin] PHP Parse error:  syntax error, unexpected '<' in /Users/Jose/Dropbox/www/framework/engine/ui_components/ui_basic.php on line 75
[27-Mar-2016 17:44:30 Europe/Berlin] PHP Parse error:  syntax error, unexpected '<' in /Users/Jose/Dropbox/www/framework/engine/ui_components/ui_basic.php on line 75
[27-Mar-2016 17:44:39 Europe/Berlin] PHP Parse error:  syntax error, unexpected '<' in /Users/Jose/Dropbox/www/framework/engine/ui_components/ui_basic.php on line 75
[27-Mar-2016 17:44:40 Europe/Berlin] PHP Parse error:  syntax error, unexpected '<' in /Users/Jose/Dropbox/www/framework/engine/ui_components/ui_basic.php on line 75
[27-Mar-2016 19:26:39 Europe/Berlin] PHP Notice:  Undefined index: cspouse_redit_score in /Users/Jose/Dropbox/www/framework/mvc/view/client/index.php on line 100
[27-Mar-2016 19:29:22 Europe/Berlin] PHP Notice:  Undefined index: cspouse_redit_score in /Users/Jose/Dropbox/www/framework/mvc/view/client/index.php on line 100
[27-Mar-2016 19:30:33 Europe/Berlin] PHP Notice:  Undefined index: cspouse_redit_score in /Users/Jose/Dropbox/www/framework/mvc/view/client/index.php on line 100
[27-Mar-2016 19:30:34 Europe/Berlin] PHP Notice:  Undefined index: cspouse_redit_score in /Users/Jose/Dropbox/www/framework/mvc/view/client/index.php on line 100
[27-Mar-2016 19:31:58 Europe/Berlin] PHP Notice:  Undefined index: cspouse_redit_score in /Users/Jose/Dropbox/www/framework/mvc/view/client/index.php on line 100
[27-Mar-2016 19:33:00 Europe/Berlin] PHP Notice:  Undefined index: cspouse_redit_score in /Users/Jose/Dropbox/www/framework/mvc/view/client/index.php on line 100
[27-Mar-2016 19:33:53 Europe/Berlin] PHP Notice:  Undefined index: cspouse_redit_score in /Users/Jose/Dropbox/www/framework/mvc/view/client/index.php on line 100
[27-Mar-2016 19:34:56 Europe/Berlin] PHP Notice:  Undefined index: cspouse_redit_score in /Users/Jose/Dropbox/www/framework/mvc/view/client/index.php on line 100
[27-Mar-2016 19:36:22 Europe/Berlin] PHP Notice:  Undefined index: cspouse_redit_score in /Users/Jose/Dropbox/www/framework/mvc/view/client/index.php on line 100
[27-Mar-2016 19:38:07 Europe/Berlin] PHP Notice:  Undefined index: cspouse_redit_score in /Users/Jose/Dropbox/www/framework/mvc/view/client/index.php on line 100
[27-Mar-2016 19:38:49 Europe/Berlin] PHP Notice:  Undefined index: cspouse_redit_score in /Users/Jose/Dropbox/www/framework/mvc/view/client/index.php on line 100
[27-Mar-2016 19:39:22 Europe/Berlin] PHP Notice:  Undefined index: cspouse_redit_score in /Users/Jose/Dropbox/www/framework/mvc/view/client/index.php on line 100
[27-Mar-2016 19:41:55 Europe/Berlin] PHP Notice:  Undefined index: cspouse_redit_score in /Users/Jose/Dropbox/www/framework/mvc/view/client/index.php on line 100
[27-Mar-2016 19:42:16 Europe/Berlin] PHP Notice:  Undefined index: cspouse_redit_score in /Users/Jose/Dropbox/www/framework/mvc/view/client/index.php on line 100
[27-Mar-2016 19:42:18 Europe/Berlin] PHP Notice:  Undefined index: cspouse_redit_score in /Users/Jose/Dropbox/www/framework/mvc/view/client/index.php on line 100
[27-Mar-2016 19:42:23 Europe/Berlin] PHP Notice:  Undefined index: cspouse_redit_score in /Users/Jose/Dropbox/www/framework/mvc/view/client/index.php on line 100
[27-Mar-2016 19:42:36 Europe/Berlin] PHP Notice:  Undefined index: cspouse_redit_score in /Users/Jose/Dropbox/www/framework/mvc/view/client/index.php on line 100
[27-Mar-2016 19:43:23 Europe/Berlin] PHP Notice:  Undefined index: cspouse_redit_score in /Users/Jose/Dropbox/www/framework/mvc/view/client/index.php on line 100
[27-Mar-2016 19:46:31 Europe/Berlin] PHP Notice:  Undefined index: cspouse_redit_score in /Users/Jose/Dropbox/www/framework/mvc/view/client/index.php on line 100
[27-Mar-2016 19:46:49 Europe/Berlin] PHP Notice:  Undefined index: cspouse_redit_score in /Users/Jose/Dropbox/www/framework/mvc/view/client/index.php on line 100
[27-Mar-2016 19:47:00 Europe/Berlin] PHP Notice:  Undefined index: cspouse_redit_score in /Users/Jose/Dropbox/www/framework/mvc/view/client/index.php on line 100
[27-Mar-2016 19:47:18 Europe/Berlin] PHP Notice:  Undefined index: cspouse_redit_score in /Users/Jose/Dropbox/www/framework/mvc/view/client/index.php on line 100
[27-Mar-2016 19:47:21 Europe/Berlin] PHP Notice:  Undefined index: cspouse_redit_score in /Users/Jose/Dropbox/www/framework/mvc/view/client/index.php on line 100
[27-Mar-2016 19:47:50 Europe/Berlin] PHP Notice:  Undefined index: cspouse_redit_score in /Users/Jose/Dropbox/www/framework/mvc/view/client/index.php on line 100
[27-Mar-2016 19:48:07 Europe/Berlin] PHP Notice:  Undefined index: cspouse_redit_score in /Users/Jose/Dropbox/www/framework/mvc/view/client/index.php on line 100
[27-Mar-2016 19:48:16 Europe/Berlin] PHP Notice:  Undefined index: cspouse_redit_score in /Users/Jose/Dropbox/www/framework/mvc/view/client/index.php on line 100
[27-Mar-2016 19:48:24 Europe/Berlin] PHP Notice:  Undefined index: cspouse_redit_score in /Users/Jose/Dropbox/www/framework/mvc/view/client/index.php on line 100
[27-Mar-2016 19:48:59 Europe/Berlin] PHP Notice:  Undefined index: spouse_redit_score in /Users/Jose/Dropbox/www/framework/mvc/view/client/index.php on line 100
[27-Mar-2016 20:17:18 Europe/Berlin] PHP Notice:  Undefined variable: value in /Users/Jose/Dropbox/www/framework/engine/ui_components/ui_basic.php on line 52
[27-Mar-2016 20:17:27 Europe/Berlin] PHP Notice:  Undefined variable: value in /Users/Jose/Dropbox/www/framework/engine/ui_components/ui_basic.php on line 52
[27-Mar-2016 20:17:45 Europe/Berlin] PHP Notice:  Undefined variable: value in /Users/Jose/Dropbox/www/framework/engine/ui_components/ui_basic.php on line 52
[27-Mar-2016 20:17:56 Europe/Berlin] PHP Notice:  Undefined variable: value in /Users/Jose/Dropbox/www/framework/engine/ui_components/ui_basic.php on line 52
[27-Mar-2016 20:18:08 Europe/Berlin] PHP Notice:  Undefined variable: value in /Users/Jose/Dropbox/www/framework/engine/ui_components/ui_basic.php on line 52
[27-Mar-2016 20:18:33 Europe/Berlin] PHP Notice:  Undefined variable: value in /Users/Jose/Dropbox/www/framework/engine/ui_components/ui_basic.php on line 52
[27-Mar-2016 20:19:40 Europe/Berlin] PHP Notice:  Undefined variable: value in /Users/Jose/Dropbox/www/framework/engine/ui_components/ui_basic.php on line 52
[27-Mar-2016 20:19:49 Europe/Berlin] PHP Notice:  Undefined variable: value in /Users/Jose/Dropbox/www/framework/engine/ui_components/ui_basic.php on line 52
[27-Mar-2016 20:20:05 Europe/Berlin] PHP Notice:  Undefined variable: value in /Users/Jose/Dropbox/www/framework/engine/ui_components/ui_basic.php on line 52
[27-Mar-2016 20:21:27 Europe/Berlin] PHP Notice:  Undefined variable: value in /Users/Jose/Dropbox/www/framework/engine/ui_components/ui_basic.php on line 52
[27-Mar-2016 20:21:30 Europe/Berlin] PHP Notice:  Undefined variable: value in /Users/Jose/Dropbox/www/framework/engine/ui_components/ui_basic.php on line 52
[27-Mar-2016 20:22:08 Europe/Berlin] PHP Notice:  Undefined variable: value in /Users/Jose/Dropbox/www/framework/engine/ui_components/ui_basic.php on line 52
[27-Mar-2016 20:22:54 Europe/Berlin] PHP Notice:  Undefined variable: value in /Users/Jose/Dropbox/www/framework/engine/ui_components/ui_basic.php on line 52
[27-Mar-2016 20:23:21 Europe/Berlin] PHP Notice:  Undefined variable: value in /Users/Jose/Dropbox/www/framework/engine/ui_components/ui_basic.php on line 52
[27-Mar-2016 20:23:58 Europe/Berlin] PHP Notice:  Undefined variable: value in /Users/Jose/Dropbox/www/framework/engine/ui_components/ui_basic.php on line 52
[27-Mar-2016 20:24:11 Europe/Berlin] PHP Notice:  Undefined variable: value in /Users/Jose/Dropbox/www/framework/engine/ui_components/ui_basic.php on line 52
[27-Mar-2016 20:24:33 Europe/Berlin] PHP Notice:  Undefined variable: value in /Users/Jose/Dropbox/www/framework/engine/ui_components/ui_basic.php on line 52
[27-Mar-2016 21:08:37 Europe/Berlin] PHP Parse error:  syntax error, unexpected '">Select...</option>' (T_CONSTANT_ENCAPSED_STRING) in /Users/Jose/Dropbox/www/framework/engine/ui_components/ui_basic.php on line 128
[27-Mar-2016 21:08:42 Europe/Berlin] PHP Parse error:  syntax error, unexpected '">Select...</option>' (T_CONSTANT_ENCAPSED_STRING) in /Users/Jose/Dropbox/www/framework/engine/ui_components/ui_basic.php on line 128
[27-Mar-2016 21:08:52 Europe/Berlin] PHP Parse error:  syntax error, unexpected '">Select...</option>' (T_CONSTANT_ENCAPSED_STRING) in /Users/Jose/Dropbox/www/framework/engine/ui_components/ui_basic.php on line 128
[27-Mar-2016 21:09:18 Europe/Berlin] PHP Notice:  Undefined index: current_location2 in /Users/Jose/Dropbox/www/framework/mvc/view/client/index.php on line 76
[27-Mar-2016 21:09:18 Europe/Berlin] PHP Fatal error:  Uncaught Error: Class 'crt_dropdown' not found in /Users/Jose/Dropbox/www/framework/mvc/view/client/index.php:108
Stack trace:
#0 /Users/Jose/Dropbox/www/framework/engine/framework/framework_template.php(307): app_event_client_edit(Object(template), Array)
#1 /Users/Jose/Dropbox/www/framework/index.php(14): template->proccessAppEvent(Array)
#2 {main}
  thrown in /Users/Jose/Dropbox/www/framework/mvc/view/client/index.php on line 108
[27-Mar-2016 21:09:30 Europe/Berlin] PHP Parse error:  syntax error, unexpected '">Select...</option>' (T_CONSTANT_ENCAPSED_STRING) in /Users/Jose/Dropbox/www/framework/engine/ui_components/ui_basic.php on line 128
[27-Mar-2016 21:09:40 Europe/Berlin] PHP Parse error:  syntax error, unexpected '">Select...</option>' (T_CONSTANT_ENCAPSED_STRING) in /Users/Jose/Dropbox/www/framework/engine/ui_components/ui_basic.php on line 128
[27-Mar-2016 21:09:47 Europe/Berlin] PHP Parse error:  syntax error, unexpected '">Select...</option>' (T_CONSTANT_ENCAPSED_STRING) in /Users/Jose/Dropbox/www/framework/engine/ui_components/ui_basic.php on line 128
[27-Mar-2016 21:11:07 Europe/Berlin] PHP Notice:  Undefined index: current_location2 in /Users/Jose/Dropbox/www/framework/mvc/view/client/index.php on line 76
[27-Mar-2016 21:11:07 Europe/Berlin] PHP Fatal error:  Uncaught Error: Class 'crt_dropdown' not found in /Users/Jose/Dropbox/www/framework/mvc/view/client/index.php:108
Stack trace:
#0 /Users/Jose/Dropbox/www/framework/engine/framework/framework_template.php(307): app_event_client_edit(Object(template), Array)
#1 /Users/Jose/Dropbox/www/framework/index.php(14): template->proccessAppEvent(Array)
#2 {main}
  thrown in /Users/Jose/Dropbox/www/framework/mvc/view/client/index.php on line 108
[27-Mar-2016 21:11:22 Europe/Berlin] PHP Fatal error:  Uncaught Error: Class 'crt_dropdown' not found in /Users/Jose/Dropbox/www/framework/mvc/view/client/index.php:108
Stack trace:
#0 /Users/Jose/Dropbox/www/framework/engine/framework/framework_template.php(307): app_event_client_edit(Object(template), Array)
#1 /Users/Jose/Dropbox/www/framework/index.php(14): template->proccessAppEvent(Array)
#2 {main}
  thrown in /Users/Jose/Dropbox/www/framework/mvc/view/client/index.php on line 108
[27-Mar-2016 21:44:27 Europe/Berlin] PHP Parse error:  syntax error, unexpected 'getOptionList' (T_STRING), expecting variable (T_VARIABLE) in /Users/Jose/Dropbox/www/framework/engine/ui_components/ui_basic.php on line 122
[27-Mar-2016 21:44:37 Europe/Berlin] PHP Parse error:  syntax error, unexpected 'getOptionList' (T_STRING), expecting variable (T_VARIABLE) in /Users/Jose/Dropbox/www/framework/engine/ui_components/ui_basic.php on line 122
[27-Mar-2016 21:44:42 Europe/Berlin] PHP Parse error:  syntax error, unexpected 'getOptionList' (T_STRING), expecting variable (T_VARIABLE) in /Users/Jose/Dropbox/www/framework/engine/ui_components/ui_basic.php on line 122
[27-Mar-2016 22:01:19 Europe/Berlin] PHP Notice:  Undefined variable: stylesheet_obj in /Users/Jose/Dropbox/www/framework/engine/framework/framework_template.php on line 610
[27-Mar-2016 22:01:19 Europe/Berlin] PHP Fatal error:  Uncaught Error: Call to a member function addFile() on unknown in /Users/Jose/Dropbox/www/framework/engine/framework/framework_template.php:610
Stack trace:
#0 /Users/Jose/Dropbox/www/framework/engine/framework/framework_template.php(23): template_javascript::newJavascript()
#1 /Users/Jose/Dropbox/www/framework/engine/framework/framework.php(35): template::newTemplate()
#2 /Users/Jose/Dropbox/www/framework/index.php(6): framework->__construct()
#3 {main}
  thrown in /Users/Jose/Dropbox/www/framework/engine/framework/framework_template.php on line 610
[27-Mar-2016 22:34:01 Europe/Berlin] PHP Parse error:  syntax error, unexpected ';' in /Users/Jose/Dropbox/www/framework/engine/ui_components/ui_basic.php on line 266
[27-Mar-2016 22:34:02 Europe/Berlin] PHP Parse error:  syntax error, unexpected ';' in /Users/Jose/Dropbox/www/framework/engine/ui_components/ui_basic.php on line 266
[27-Mar-2016 23:16:18 Europe/Berlin] PHP Parse error:  syntax error, unexpected '_state' (T_STRING) in /Users/Jose/Dropbox/www/framework/mvc/view/client/index.php on line 206
[27-Mar-2016 23:47:17 Europe/Berlin] PHP Parse error:  syntax error, unexpected '$container' (T_VARIABLE) in /Users/Jose/Dropbox/www/framework/mvc/view/client/index.php on line 223
[27-Mar-2016 23:55:15 Europe/Berlin] PHP Parse error:  syntax error, unexpected ')' in /Users/Jose/Dropbox/www/framework/mvc/view/client/index.php on line 213
[27-Mar-2016 23:56:27 Europe/Berlin] PHP Warning:  mysqli::__construct(): php_network_getaddresses: getaddrinfo failed: nodename nor servname provided, or not known in /Users/Jose/Dropbox/www/framework/engine/third_party/db_mysql/MysqliDb.php on line 256
[27-Mar-2016 23:56:27 Europe/Berlin] PHP Warning:  mysqli::__construct(): (HY000/2002): php_network_getaddresses: getaddrinfo failed: nodename nor servname provided, or not known in /Users/Jose/Dropbox/www/framework/engine/third_party/db_mysql/MysqliDb.php on line 256
[27-Mar-2016 23:56:27 Europe/Berlin] PHP Fatal error:  Uncaught Exception: Connect Error 2002: php_network_getaddresses: getaddrinfo failed: nodename nor servname provided, or not known in /Users/Jose/Dropbox/www/framework/engine/third_party/db_mysql/MysqliDb.php:259
Stack trace:
#0 /Users/Jose/Dropbox/www/framework/engine/third_party/db_mysql/MysqliDb.php(275): MysqliDb->connect()
#1 /Users/Jose/Dropbox/www/framework/engine/third_party/db_mysql/MysqliDb.php(1479): MysqliDb->mysqli()
#2 /Users/Jose/Dropbox/www/framework/engine/third_party/db_mysql/MysqliDb.php(1095): MysqliDb->_prepareQuery()
#3 /Users/Jose/Dropbox/www/framework/engine/third_party/db_mysql/MysqliDb.php(550): MysqliDb->_buildQuery(NULL)
#4 /Users/Jose/Dropbox/www/framework/engine/third_party/db_mysql/dbObject.php(348): MysqliDb->get('client', NULL, '*')
#5 /Users/Jose/Dropbox/www/framework/engine/third_party/db_mysql/dbObject.php(452): dbObject->get()
#6 /Users/Jose/Dropbox/www/framework/mvc/controller/client.php(15): dbObject->__call('get', Array)
#7 /Users/Jose/Dropbox/www/framework/mvc/view/cli in /Users/Jose/Dropbox/www/framework/engine/third_party/db_mysql/MysqliDb.php on line 259
[28-Mar-2016 00:10:00 Europe/Berlin] PHP Warning:  mysqli_stmt::execute(): MySQL server has gone away in /Users/Jose/Dropbox/www/framework/engine/third_party/db_mysql/MysqliDb.php on line 556
[28-Mar-2016 00:10:00 Europe/Berlin] PHP Warning:  mysqli_stmt::execute(): Error reading result set's header in /Users/Jose/Dropbox/www/framework/engine/third_party/db_mysql/MysqliDb.php on line 556
[28-Mar-2016 00:10:00 Europe/Berlin] PHP Warning:  Error while sending STMT_CLOSE packet. PID=64019 in /Users/Jose/Dropbox/www/framework/engine/third_party/db_mysql/MysqliDb.php on line 1195
[28-Mar-2016 00:17:03 Europe/Berlin] PHP Notice:  Undefined offset: 1 in /Users/Jose/Dropbox/www/framework/engine/ui_components/ui_basic.php on line 273
[28-Mar-2016 00:17:03 Europe/Berlin] PHP Notice:  Undefined offset: 1 in /Users/Jose/Dropbox/www/framework/engine/ui_components/ui_basic.php on line 273
[28-Mar-2016 00:25:22 Europe/Berlin] PHP Notice:  Undefined offset: 1 in /Users/Jose/Dropbox/www/framework/engine/ui_components/ui_basic.php on line 273
[28-Mar-2016 00:25:22 Europe/Berlin] PHP Notice:  Undefined offset: 1 in /Users/Jose/Dropbox/www/framework/engine/ui_components/ui_basic.php on line 273
[28-Mar-2016 00:31:46 Europe/Berlin] PHP Notice:  Undefined offset: 1 in /Users/Jose/Dropbox/www/framework/engine/ui_components/ui_basic.php on line 273
[28-Mar-2016 00:31:46 Europe/Berlin] PHP Notice:  Undefined offset: 1 in /Users/Jose/Dropbox/www/framework/engine/ui_components/ui_basic.php on line 273
[28-Mar-2016 00:36:03 Europe/Berlin] PHP Warning:  mysqli::__construct(): (HY000/2002): Connection refused in /Users/Jose/Dropbox/www/framework/engine/third_party/db_mysql/MysqliDb.php on line 256
[28-Mar-2016 00:36:03 Europe/Berlin] PHP Fatal error:  Uncaught Exception: Connect Error 2002: Connection refused in /Users/Jose/Dropbox/www/framework/engine/third_party/db_mysql/MysqliDb.php:259
Stack trace:
#0 /Users/Jose/Dropbox/www/framework/engine/third_party/db_mysql/MysqliDb.php(275): MysqliDb->connect()
#1 /Users/Jose/Dropbox/www/framework/engine/third_party/db_mysql/MysqliDb.php(1479): MysqliDb->mysqli()
#2 /Users/Jose/Dropbox/www/framework/engine/third_party/db_mysql/MysqliDb.php(1095): MysqliDb->_prepareQuery()
#3 /Users/Jose/Dropbox/www/framework/engine/third_party/db_mysql/MysqliDb.php(550): MysqliDb->_buildQuery(NULL)
#4 /Users/Jose/Dropbox/www/framework/engine/third_party/db_mysql/dbObject.php(348): MysqliDb->get('client', NULL, '*')
#5 /Users/Jose/Dropbox/www/framework/engine/third_party/db_mysql/dbObject.php(452): dbObject->get()
#6 /Users/Jose/Dropbox/www/framework/mvc/controller/client.php(15): dbObject->__call('get', Array)
#7 /Users/Jose/Dropbox/www/framework/mvc/view/client/index.php(137): controller_client::getByUID('001')
#8 /Users/Jose/Dr in /Users/Jose/Dropbox/www/framework/engine/third_party/db_mysql/MysqliDb.php on line 259
[28-Mar-2016 00:36:06 Europe/Berlin] PHP Warning:  mysqli::__construct(): (HY000/2002): Connection refused in /Users/Jose/Dropbox/www/framework/engine/third_party/db_mysql/MysqliDb.php on line 256
[28-Mar-2016 00:36:06 Europe/Berlin] PHP Fatal error:  Uncaught Exception: Connect Error 2002: Connection refused in /Users/Jose/Dropbox/www/framework/engine/third_party/db_mysql/MysqliDb.php:259
Stack trace:
#0 /Users/Jose/Dropbox/www/framework/engine/third_party/db_mysql/MysqliDb.php(275): MysqliDb->connect()
#1 /Users/Jose/Dropbox/www/framework/engine/third_party/db_mysql/MysqliDb.php(1479): MysqliDb->mysqli()
#2 /Users/Jose/Dropbox/www/framework/engine/third_party/db_mysql/MysqliDb.php(1095): MysqliDb->_prepareQuery()
#3 /Users/Jose/Dropbox/www/framework/engine/third_party/db_mysql/MysqliDb.php(550): MysqliDb->_buildQuery(NULL)
#4 /Users/Jose/Dropbox/www/framework/engine/third_party/db_mysql/dbObject.php(348): MysqliDb->get('client', NULL, '*')
#5 /Users/Jose/Dropbox/www/framework/engine/third_party/db_mysql/dbObject.php(452): dbObject->get()
#6 /Users/Jose/Dropbox/www/framework/mvc/controller/client.php(15): dbObject->__call('get', Array)
#7 /Users/Jose/Dropbox/www/framework/mvc/view/client/index.php(137): controller_client::getByUID('001')
#8 /Users/Jose/Dr in /Users/Jose/Dropbox/www/framework/engine/third_party/db_mysql/MysqliDb.php on line 259
[28-Mar-2016 00:36:21 Europe/Berlin] PHP Notice:  Undefined offset: 1 in /Users/Jose/Dropbox/www/framework/engine/ui_components/ui_basic.php on line 273
[28-Mar-2016 00:36:21 Europe/Berlin] PHP Notice:  Undefined offset: 1 in /Users/Jose/Dropbox/www/framework/engine/ui_components/ui_basic.php on line 273
[28-Mar-2016 00:37:11 Europe/Berlin] PHP Notice:  Undefined offset: 1 in /Users/Jose/Dropbox/www/framework/engine/ui_components/ui_basic.php on line 273
[28-Mar-2016 00:37:11 Europe/Berlin] PHP Notice:  Undefined offset: 1 in /Users/Jose/Dropbox/www/framework/engine/ui_components/ui_basic.php on line 273
[28-Mar-2016 00:57:23 Europe/Berlin] PHP Notice:  Undefined variable: container in /Users/Jose/Dropbox/www/framework/mvc/view/client/index.php on line 116
[28-Mar-2016 00:57:23 Europe/Berlin] PHP Fatal error:  Uncaught Error: Call to a member function appendItem() on unknown in /Users/Jose/Dropbox/www/framework/mvc/view/client/index.php:116
Stack trace:
#0 /Users/Jose/Dropbox/www/framework/engine/framework/framework_template.php(307): app_event_client_show(Object(template), Array)
#1 /Users/Jose/Dropbox/www/framework/index.php(14): template->proccessAppEvent(Array)
#2 {main}
  thrown in /Users/Jose/Dropbox/www/framework/mvc/view/client/index.php on line 116
[28-Mar-2016 01:05:41 Europe/Berlin] PHP Notice:  Undefined index: search_location in /Users/Jose/Dropbox/www/framework/mvc/view/client/index.php on line 143
[28-Mar-2016 01:05:41 Europe/Berlin] PHP Warning:  implode(): Invalid arguments passed in /Users/Jose/Dropbox/www/framework/mvc/view/client/index.php on line 143
[28-Mar-2016 01:05:41 Europe/Berlin] PHP Notice:  Undefined index: note in /Users/Jose/Dropbox/www/framework/mvc/view/client/index.php on line 147
[28-Mar-2016 01:06:36 Europe/Berlin] PHP Notice:  Undefined index: note in /Users/Jose/Dropbox/www/framework/mvc/view/client/index.php on line 147
[28-Mar-2016 01:12:13 Europe/Berlin] PHP Notice:  Undefined index: search_location in /Users/Jose/Dropbox/www/framework/mvc/view/client/index.php on line 144
[28-Mar-2016 01:12:13 Europe/Berlin] PHP Warning:  implode(): Invalid arguments passed in /Users/Jose/Dropbox/www/framework/mvc/view/client/index.php on line 144
[28-Mar-2016 01:12:13 Europe/Berlin] PHP Notice:  Undefined index: note in /Users/Jose/Dropbox/www/framework/mvc/view/client/index.php on line 148
[28-Mar-2016 01:13:09 Europe/Berlin] PHP Notice:  Undefined index: search_location in /Users/Jose/Dropbox/www/framework/mvc/view/client/index.php on line 144
[28-Mar-2016 01:13:09 Europe/Berlin] PHP Warning:  implode(): Invalid arguments passed in /Users/Jose/Dropbox/www/framework/mvc/view/client/index.php on line 144
[28-Mar-2016 01:13:09 Europe/Berlin] PHP Notice:  Undefined index: note in /Users/Jose/Dropbox/www/framework/mvc/view/client/index.php on line 148
[28-Mar-2016 01:13:52 Europe/Berlin] PHP Parse error:  syntax error, unexpected ')', expecting ']' in /Users/Jose/Dropbox/www/framework/mvc/view/client/index.php on line 148
[28-Mar-2016 01:14:06 Europe/Berlin] PHP Notice:  Undefined index: search_location in /Users/Jose/Dropbox/www/framework/mvc/view/client/index.php on line 144
[28-Mar-2016 01:14:06 Europe/Berlin] PHP Warning:  implode(): Invalid arguments passed in /Users/Jose/Dropbox/www/framework/mvc/view/client/index.php on line 144
[28-Mar-2016 01:15:02 Europe/Berlin] PHP Notice:  Undefined index: search_location in /Users/Jose/Dropbox/www/framework/mvc/view/client/index.php on line 144
[28-Mar-2016 01:15:02 Europe/Berlin] PHP Warning:  implode(): Invalid arguments passed in /Users/Jose/Dropbox/www/framework/mvc/view/client/index.php on line 144
[28-Mar-2016 01:15:13 Europe/Berlin] PHP Notice:  Undefined index: search_location in /Users/Jose/Dropbox/www/framework/mvc/view/client/index.php on line 144
[28-Mar-2016 01:15:13 Europe/Berlin] PHP Warning:  implode(): Invalid arguments passed in /Users/Jose/Dropbox/www/framework/mvc/view/client/index.php on line 144
[28-Mar-2016 01:21:46 Europe/Berlin] PHP Notice:  Undefined index:  in /Users/Jose/Dropbox/www/framework/mvc/view/client/index.php on line 157
[28-Mar-2016 01:23:46 Europe/Berlin] PHP Notice:  Undefined variable: user in /Users/Jose/Dropbox/www/framework/mvc/controller/client.php on line 36
[28-Mar-2016 01:23:46 Europe/Berlin] PHP Notice:  Trying to get property of non-object in /Users/Jose/Dropbox/www/framework/mvc/controller/client.php on line 36
[28-Mar-2016 01:23:46 Europe/Berlin] PHP Notice:  Undefined variable: db in /Users/Jose/Dropbox/www/framework/mvc/controller/client.php on line 37
[28-Mar-2016 01:23:46 Europe/Berlin] PHP Notice:  Trying to get property of non-object in /Users/Jose/Dropbox/www/framework/mvc/controller/client.php on line 37
[28-Mar-2016 01:24:14 Europe/Berlin] PHP Notice:  Undefined variable: db in /Users/Jose/Dropbox/www/framework/mvc/controller/client.php on line 37
[28-Mar-2016 01:24:14 Europe/Berlin] PHP Notice:  Trying to get property of non-object in /Users/Jose/Dropbox/www/framework/mvc/controller/client.php on line 37
[28-Mar-2016 01:29:12 Europe/Berlin] PHP Fatal error:  Uncaught Error: Class 'user' not found in /Users/Jose/Dropbox/www/framework/mvc/controller/client.php:44
Stack trace:
#0 /Users/Jose/Dropbox/www/framework/mvc/view/client/index.php(159): controller_client::updateClient(Array)
#1 /Users/Jose/Dropbox/www/framework/engine/framework/framework_template.php(307): app_event_client_save(Object(template), Array)
#2 /Users/Jose/Dropbox/www/framework/index.php(14): template->proccessAppEvent(Array)
#3 {main}
  thrown in /Users/Jose/Dropbox/www/framework/mvc/controller/client.php on line 44
[28-Mar-2016 01:29:40 Europe/Berlin] PHP Warning:  preg_match(): Delimiter must not be alphanumeric or backslash in /Users/Jose/Dropbox/www/framework/engine/third_party/db_mysql/dbObject.php on line 638
[28-Mar-2016 01:29:40 Europe/Berlin] PHP Warning:  preg_match(): Delimiter must not be alphanumeric or backslash in /Users/Jose/Dropbox/www/framework/engine/third_party/db_mysql/dbObject.php on line 638
[28-Mar-2016 01:29:40 Europe/Berlin] PHP Warning:  preg_match(): Delimiter must not be alphanumeric or backslash in /Users/Jose/Dropbox/www/framework/engine/third_party/db_mysql/dbObject.php on line 638
[28-Mar-2016 01:29:40 Europe/Berlin] PHP Warning:  Cannot modify header information - headers already sent by (output started at /Users/Jose/Dropbox/www/framework/engine/third_party/db_mysql/dbObject.php:638) in /Users/Jose/Dropbox/www/framework/mvc/view/client/index.php on line 165
[28-Mar-2016 01:50:33 Europe/Berlin] PHP Notice:  Undefined variable: db in /Users/Jose/Dropbox/www/framework/mvc/controller/client.php on line 52
[28-Mar-2016 01:50:33 Europe/Berlin] PHP Fatal error:  Uncaught Error: Call to a member function where() on unknown in /Users/Jose/Dropbox/www/framework/mvc/controller/client.php:52
Stack trace:
#0 /Users/Jose/Dropbox/www/framework/mvc/view/client/index.php(272): controller_client::removeClient('56f86fd953c0c')
#1 /Users/Jose/Dropbox/www/framework/engine/framework/framework_template.php(307): app_event_client_remove(Object(template), Array)
#2 /Users/Jose/Dropbox/www/framework/index.php(14): template->proccessAppEvent(Array)
#3 {main}
  thrown in /Users/Jose/Dropbox/www/framework/mvc/controller/client.php on line 52
